<?xml version="1.0" encoding="UTF-8"?>
<!-- Generated by org.testng.reporters.JUnitXMLReporter -->
<testsuite hostname="HO-356" ignored="1" name="Default test" tests="1" failures="0" timestamp="12 Oct 2021 09:07:51 GMT" time="26.923" errors="0">
  <testcase name="createRepository" time="23.246" classname="RestAssured.GithubRepository"/>
  <testcase name="getAllRepo" time="0.0" classname="RestAssured.GithubRepository">
    <ignored/>
  </testcase> <!-- getAllRepo -->
</testsuite> <!-- Default test -->
