<?xml version="1.0" encoding="UTF-8"?>
<testng-results skipped="0" failed="0" ignored="1" total="2" passed="1">
  <reporter-output>
  </reporter-output>
  <suite name="Default suite" duration-ms="26923" started-at="2021-10-12T09:07:23Z" finished-at="2021-10-12T09:07:50Z">
    <groups>
    </groups>
    <test name="Default test" duration-ms="26923" started-at="2021-10-12T09:07:23Z" finished-at="2021-10-12T09:07:50Z">
      <class name="RestAssured.GithubRepository">
        <test-method status="PASS" signature="beforeTest()[pri:0, instance:RestAssured.GithubRepository@6dbb137d]" name="beforeTest" is-config="true" duration-ms="3460" started-at="2021-10-12T09:07:23Z" finished-at="2021-10-12T09:07:26Z">
          <reporter-output>
          </reporter-output>
        </test-method> <!-- beforeTest -->
        <test-method status="PASS" signature="createRepository()[pri:0, instance:RestAssured.GithubRepository@6dbb137d]" name="createRepository" duration-ms="23246" started-at="2021-10-12T09:07:26Z" finished-at="2021-10-12T09:07:50Z">
          <reporter-output>
          </reporter-output>
        </test-method> <!-- createRepository -->
      </class> <!-- RestAssured.GithubRepository -->
    </test> <!-- Default test -->
  </suite> <!-- Default suite -->
</testng-results>
